<?xml version="1.0" encoding="UTF-8"?>
<testsuite name="TestForTask1" tests="1" skipped="0" failures="0" errors="0" timestamp="2023-04-20T12:40:31" hostname="LAPTOP-1QKQUOA7" time="0.07">
  <properties/>
  <testcase name="power()" classname="TestForTask1" time="0.07"/>
  <system-out><![CDATA[]]></system-out>
  <system-err><![CDATA[]]></system-err>
</testsuite>
