<?xml version="1.0" encoding="UTF-8"?>
<testsuite name="TestForTask4" tests="1" skipped="0" failures="0" errors="0" timestamp="2023-04-21T13:21:57" hostname="LAPTOP-1QKQUOA7" time="0.042">
  <properties/>
  <testcase name="writeNumber()" classname="TestForTask4" time="0.042"/>
  <system-out><![CDATA[]]></system-out>
  <system-err><![CDATA[]]></system-err>
</testsuite>
